#
# There is insufficient memory for the Java Runtime Environment to continue.
# Native memory allocation (malloc) failed to allocate 834896 bytes for Chunk::new
# Possible reasons:
#   The system is out of physical RAM or swap space
#   In 32 bit mode, the process size limit was hit
# Possible solutions:
#   Reduce memory load on the system
#   Increase physical memory or swap space
#   Check if swap backing store is full
#   Use 64 bit Java on a 64 bit OS
#   Decrease Java heap size (-Xmx/-Xms)
#   Decrease number of Java threads
#   Decrease Java thread stack sizes (-Xss)
#   Set larger code cache with -XX:ReservedCodeCacheSize=
# This output file may be truncated or incomplete.
#
#  Out of Memory Error (allocation.cpp:390), pid=48740, tid=0x000000000000c760
#
# JRE version: OpenJDK Runtime Environment (8.0_152-b06) (build 1.8.0_152-release-1136-b06)
# Java VM: OpenJDK 64-Bit Server VM (25.152-b06 mixed mode windows-amd64 compressed oops)
# Failed to write core dump. Minidumps are not enabled by default on client versions of Windows
#

---------------  T H R E A D  ---------------

Current thread (0x000000001666a800):  JavaThread "C2 CompilerThread0" daemon [_thread_in_native, id=51040, stack(0x0000000017cf0000,0x0000000017df0000)]

Stack: [0x0000000017cf0000,0x0000000017df0000]
[error occurred during error reporting (printing stack bounds), id 0xc0000005]

Native frames: (J=compiled Java code, j=interpreted, Vv=VM code, C=native code)


Current CompileTask:
C2:  16925 7447       4       java.io.ObjectOutputStream::writeClassDesc (60 bytes)


---------------  P R O C E S S  ---------------

Java Threads: ( => current thread )
  0x000000001d215000 JavaThread "Task worker for ':' Thread 3" [_thread_blocked, id=31236, stack(0x0000000023600000,0x0000000023700000)]
  0x000000001d212000 JavaThread "Task worker for ':' Thread 2" [_thread_in_native, id=13128, stack(0x0000000023500000,0x0000000023600000)]
  0x000000001d211000 JavaThread "Task worker for ':'" [_thread_blocked, id=24932, stack(0x0000000023400000,0x0000000023500000)]
  0x000000001d210800 JavaThread "Cache worker for Build Output Cleanup Cache (C:\Users\Lamchard\SmartSMS\.gradle\buildOutputCleanup)" [_thread_blocked, id=12480, stack(0x0000000023300000,0x0000000023400000)]
  0x000000001d214000 JavaThread "Cache worker for task history cache (C:\Users\Lamchard\SmartSMS\.gradle\4.6\taskHistory)" [_thread_blocked, id=3592, stack(0x0000000022db0000,0x0000000022eb0000)]
  0x000000001d206800 JavaThread "Memory manager" [_thread_blocked, id=3428, stack(0x0000000021d30000,0x0000000021e30000)]
  0x000000001d20c800 JavaThread "Build operations Thread 4" [_thread_blocked, id=34688, stack(0x0000000020370000,0x0000000020470000)]
  0x000000001d20c000 JavaThread "Build operations Thread 3" [_thread_blocked, id=15272, stack(0x0000000020270000,0x0000000020370000)]
  0x000000001667d000 JavaThread "Build operations Thread 2" [_thread_blocked, id=14048, stack(0x0000000020170000,0x0000000020270000)]
  0x000000001667a000 JavaThread "Build operations" [_thread_blocked, id=19352, stack(0x000000001fc70000,0x000000001fd70000)]
  0x000000001667e000 JavaThread "Cache worker for Artifact transforms cache (C:\Users\Lamchard\.gradle\caches\transforms-1)" [_thread_blocked, id=30972, stack(0x000000001fa70000,0x000000001fb70000)]
  0x0000000019ac0000 JavaThread "Cache worker for file hash cache (C:\Users\Lamchard\SmartSMS\.gradle\4.6\fileHashes)" [_thread_blocked, id=28048, stack(0x000000001c240000,0x000000001c340000)]
  0x0000000019836800 JavaThread "File lock request listener" [_thread_in_native, id=25616, stack(0x000000001b170000,0x000000001b270000)]
  0x00000000196ac800 JavaThread "Cache worker for file hash cache (C:\Users\Lamchard\.gradle\caches\4.6\fileHashes)" [_thread_blocked, id=52852, stack(0x000000001b070000,0x000000001b170000)]
  0x0000000019695800 JavaThread "Stdin handler" [_thread_blocked, id=34380, stack(0x000000001ad70000,0x000000001ae70000)]
  0x00000000196ab000 JavaThread "Asynchronous log dispatcher for DefaultDaemonConnection: socket connection from /127.0.0.1:62986 to /127.0.0.1:62987" [_thread_blocked, id=43004, stack(0x000000001ac70000,0x000000001ad70000)]
  0x00000000196df800 JavaThread "Daemon worker" [_thread_blocked, id=45720, stack(0x000000001ab70000,0x000000001ac70000)]
  0x00000000196de800 JavaThread "Cancel handler" [_thread_blocked, id=53672, stack(0x000000001aa70000,0x000000001ab70000)]
  0x0000000019502000 JavaThread "Handler for socket connection from /127.0.0.1:62986 to /127.0.0.1:62987" [_thread_in_native, id=31532, stack(0x000000001a770000,0x000000001a870000)]
  0x0000000019501800 JavaThread "Daemon" [_thread_blocked, id=19252, stack(0x000000001a670000,0x000000001a770000)]
  0x00000000194d3000 JavaThread "Daemon periodic checks" [_thread_blocked, id=21060, stack(0x000000001a570000,0x000000001a670000)]
  0x00000000194cb000 JavaThread "Incoming local TCP Connector on port 62986" [_thread_in_native, id=18728, stack(0x000000001a300000,0x000000001a400000)]
  0x0000000018020800 JavaThread "Service Thread" daemon [_thread_blocked, id=28828, stack(0x00000000183f0000,0x00000000184f0000)]
  0x000000001667e800 JavaThread "C1 CompilerThread2" daemon [_thread_blocked, id=25772, stack(0x0000000017ef0000,0x0000000017ff0000)]
  0x000000001667f800 JavaThread "C2 CompilerThread1" daemon [_thread_in_native, id=11976, stack(0x0000000017df0000,0x0000000017ef0000)]
=>0x000000001666a800 JavaThread "C2 CompilerThread0" daemon [_thread_in_native, id=51040, stack(0x0000000017cf0000,0x0000000017df0000)]
  0x0000000016678000 JavaThread "Attach Listener" daemon [_thread_blocked, id=44864, stack(0x0000000017bf0000,0x0000000017cf0000)]
  0x0000000016677000 JavaThread "Signal Dispatcher" daemon [_thread_blocked, id=38236, stack(0x0000000017af0000,0x0000000017bf0000)]
  0x0000000002cfd000 JavaThread "Finalizer" daemon [_thread_blocked, id=10296, stack(0x00000000178d0000,0x00000000179d0000)]
  0x0000000002cf2000 JavaThread "Reference Handler" daemon [_thread_blocked, id=11088, stack(0x00000000177d0000,0x00000000178d0000)]
  0x0000000002c02800 JavaThread "main" [_thread_blocked, id=27876, stack(0x0000000002b00000,0x0000000002c00000)]

Other Threads:
  0x0000000016635800 VMThread [stack: 0x00000000176d0000,0x00000000177d0000] [id=59112]
  0x0000000018021000 WatcherThread [stack: 0x00000000184f0000,0x00000000185f0000] [id=45068]

VM state:not at safepoint (normal execution)

VM Mutex/Monitor currently owned by a thread: None

Heap:
 PSYoungGen      total 115200K, used 4013K [0x00000000e0000000, 0x00000000eb600000, 0x0000000100000000)
  eden space 101376K, 3% used [0x00000000e0000000,0x00000000e03eb498,0x00000000e6300000)
  from space 13824K, 0% used [0x00000000e7a80000,0x00000000e7a80000,0x00000000e8800000)
  to   space 24064K, 0% used [0x00000000e6300000,0x00000000e6300000,0x00000000e7a80000)
 ParOldGen       total 96256K, used 40497K [0x00000000a0000000, 0x00000000a5e00000, 0x00000000e0000000)
  object space 96256K, 42% used [0x00000000a0000000,0x00000000a278c428,0x00000000a5e00000)
 Metaspace       used 57065K, capacity 59000K, committed 59224K, reserved 1099776K
  class space    used 7744K, capacity 8229K, committed 8320K, reserved 1048576K

Card table byte_map: [0x00000000120c0000,0x00000000123d0000] byte_map_base: 0x0000000011bc0000

Marking Bits: (ParMarkBitMap*) 0x0000000051925aa0
 Begin Bits: [0x00000000129d0000, 0x00000000141d0000)
 End Bits:   [0x00000000141d0000, 0x00000000159d0000)

Polling page: 0x0000000000d30000

CodeCache: size=245760Kb used=20746Kb max_used=23137Kb free=225013Kb
 bounds [0x0000000002d00000, 0x00000000043b0000, 0x0000000011d00000]
 total_blobs=7284 nmethods=6502 adapters=692
 compilation: enabled

Compilation events (10 events):
Event: 16.827 Thread 0x000000001666a800 nmethod 7441 0x0000000002f51210 code [0x0000000002f51360, 0x0000000002f516a8]
Event: 16.827 Thread 0x000000001666a800 7442       4       java.io.ObjectOutputStream$BlockDataOutputStream::drain (45 bytes)
Event: 16.828 Thread 0x000000001667e800 7444       3       com.google.common.collect.SingletonImmutableList::get (11 bytes)
Event: 16.828 Thread 0x000000001667e800 nmethod 7444 0x0000000002ff70d0 code [0x0000000002ff7260, 0x0000000002ff75f8]
Event: 16.829 Thread 0x000000001667e800 7446   !   3       java.io.ObjectOutputStream::writeObject0 (619 bytes)
Event: 16.833 Thread 0x000000001667e800 nmethod 7446 0x00000000036b4d90 code [0x00000000036b5360, 0x00000000036b8b58]
Event: 16.833 Thread 0x000000001667e800 7448   !   2       java.io.ObjectOutputStream::defaultWriteFields (270 bytes)
Event: 16.835 Thread 0x000000001667e800 nmethod 7448 0x0000000003465dd0 code [0x0000000003465fc0, 0x00000000034666d8]
Event: 16.842 Thread 0x000000001666a800 nmethod 7442 0x0000000003481e90 code [0x0000000003482020, 0x0000000003482978]
Event: 16.842 Thread 0x000000001666a800 7447       4       java.io.ObjectOutputStream::writeClassDesc (60 bytes)

GC Heap History (10 events):
Event: 10.302 GC heap before
{Heap before GC invocations=13 (full 2):
 PSYoungGen      total 97280K, used 97201K [0x00000000e0000000, 0x00000000e6e00000, 0x0000000100000000)
  eden space 90112K, 100% used [0x00000000e0000000,0x00000000e5800000,0x00000000e5800000)
  from space 7168K, 98% used [0x00000000e6700000,0x00000000e6dec580,0x00000000e6e00000)
  to   space 10752K, 0% used [0x00000000e5900000,0x00000000e5900000,0x00000000e6380000)
 ParOldGen       total 96256K, used 15346K [0x00000000a0000000, 0x00000000a5e00000, 0x00000000e0000000)
  object space 96256K, 15% used [0x00000000a0000000,0x00000000a0efc938,0x00000000a5e00000)
 Metaspace       used 44206K, capacity 45026K, committed 45144K, reserved 1087488K
  class space    used 6013K, capacity 6268K, committed 6272K, reserved 1048576K
Event: 10.327 GC heap after
Heap after GC invocations=13 (full 2):
 PSYoungGen      total 101888K, used 10732K [0x00000000e0000000, 0x00000000e8800000, 0x0000000100000000)
  eden space 91136K, 0% used [0x00000000e0000000,0x00000000e0000000,0x00000000e5900000)
  from space 10752K, 99% used [0x00000000e5900000,0x00000000e637b310,0x00000000e6380000)
  to   space 13824K, 0% used [0x00000000e7a80000,0x00000000e7a80000,0x00000000e8800000)
 ParOldGen       total 96256K, used 20738K [0x00000000a0000000, 0x00000000a5e00000, 0x00000000e0000000)
  object space 96256K, 21% used [0x00000000a0000000,0x00000000a1440a28,0x00000000a5e00000)
 Metaspace       used 44206K, capacity 45026K, committed 45144K, reserved 1087488K
  class space    used 6013K, capacity 6268K, committed 6272K, reserved 1048576K
}
Event: 11.939 GC heap before
{Heap before GC invocations=14 (full 2):
 PSYoungGen      total 101888K, used 101868K [0x00000000e0000000, 0x00000000e8800000, 0x0000000100000000)
  eden space 91136K, 100% used [0x00000000e0000000,0x00000000e5900000,0x00000000e5900000)
  from space 10752K, 99% used [0x00000000e5900000,0x00000000e637b310,0x00000000e6380000)
  to   space 13824K, 0% used [0x00000000e7a80000,0x00000000e7a80000,0x00000000e8800000)
 ParOldGen       total 96256K, used 20738K [0x00000000a0000000, 0x00000000a5e00000, 0x00000000e0000000)
  object space 96256K, 21% used [0x00000000a0000000,0x00000000a1440a28,0x00000000a5e00000)
 Metaspace       used 51371K, capacity 52690K, committed 52824K, reserved 1095680K
  class space    used 6916K, capacity 7228K, committed 7296K, reserved 1048576K
Event: 11.972 GC heap after
Heap after GC invocations=14 (full 2):
 PSYoungGen      total 122368K, used 13816K [0x00000000e0000000, 0x00000000e9080000, 0x0000000100000000)
  eden space 108544K, 0% used [0x00000000e0000000,0x00000000e0000000,0x00000000e6a00000)
  from space 13824K, 99% used [0x00000000e7a80000,0x00000000e87fe198,0x00000000e8800000)
  to   space 16896K, 0% used [0x00000000e6a00000,0x00000000e6a00000,0x00000000e7a80000)
 ParOldGen       total 96256K, used 24651K [0x00000000a0000000, 0x00000000a5e00000, 0x00000000e0000000)
  object space 96256K, 25% used [0x00000000a0000000,0x00000000a1812ef8,0x00000000a5e00000)
 Metaspace       used 51371K, capacity 52690K, committed 52824K, reserved 1095680K
  class space    used 6916K, capacity 7228K, committed 7296K, reserved 1048576K
}
Event: 14.582 GC heap before
{Heap before GC invocations=15 (full 2):
 PSYoungGen      total 122368K, used 122360K [0x00000000e0000000, 0x00000000e9080000, 0x0000000100000000)
  eden space 108544K, 100% used [0x00000000e0000000,0x00000000e6a00000,0x00000000e6a00000)
  from space 13824K, 99% used [0x00000000e7a80000,0x00000000e87fe198,0x00000000e8800000)
  to   space 16896K, 0% used [0x00000000e6a00000,0x00000000e6a00000,0x00000000e7a80000)
 ParOldGen       total 96256K, used 24651K [0x00000000a0000000, 0x00000000a5e00000, 0x00000000e0000000)
  object space 96256K, 25% used [0x00000000a0000000,0x00000000a1812ef8,0x00000000a5e00000)
 Metaspace       used 56351K, capacity 58050K, committed 58328K, reserved 1099776K
  class space    used 7655K, capacity 8080K, committed 8192K, reserved 1048576K
Event: 14.664 GC heap after
Heap after GC invocations=15 (full 2):
 PSYoungGen      total 125440K, used 16881K [0x00000000e0000000, 0x00000000e9080000, 0x0000000100000000)
  eden space 108544K, 0% used [0x00000000e0000000,0x00000000e0000000,0x00000000e6a00000)
  from space 16896K, 99% used [0x00000000e6a00000,0x00000000e7a7c6d0,0x00000000e7a80000)
  to   space 13824K, 0% used [0x00000000e7a80000,0x00000000e7a80000,0x00000000e8800000)
 ParOldGen       total 96256K, used 32552K [0x00000000a0000000, 0x00000000a5e00000, 0x00000000e0000000)
  object space 96256K, 33% used [0x00000000a0000000,0x00000000a1fca1d8,0x00000000a5e00000)
 Metaspace       used 56351K, capacity 58050K, committed 58328K, reserved 1099776K
  class space    used 7655K, capacity 8080K, committed 8192K, reserved 1048576K
}
Event: 16.313 GC heap before
{Heap before GC invocations=16 (full 2):
 PSYoungGen      total 125440K, used 67592K [0x00000000e0000000, 0x00000000e9080000, 0x0000000100000000)
  eden space 108544K, 46% used [0x00000000e0000000,0x00000000e3185bb8,0x00000000e6a00000)
  from space 16896K, 99% used [0x00000000e6a00000,0x00000000e7a7c6d0,0x00000000e7a80000)
  to   space 13824K, 0% used [0x00000000e7a80000,0x00000000e7a80000,0x00000000e8800000)
 ParOldGen       total 96256K, used 32552K [0x00000000a0000000, 0x00000000a5e00000, 0x00000000e0000000)
  object space 96256K, 33% used [0x00000000a0000000,0x00000000a1fca1d8,0x00000000a5e00000)
 Metaspace       used 57014K, capacity 58840K, committed 58968K, reserved 1099776K
  class space    used 7732K, capacity 8197K, committed 8320K, reserved 1048576K
Event: 16.336 GC heap after
Heap after GC invocations=16 (full 2):
 PSYoungGen      total 115200K, used 13793K [0x00000000e0000000, 0x00000000eb600000, 0x0000000100000000)
  eden space 101376K, 0% used [0x00000000e0000000,0x00000000e0000000,0x00000000e6300000)
  from space 13824K, 99% used [0x00000000e7a80000,0x00000000e87f86e0,0x00000000e8800000)
  to   space 24064K, 0% used [0x00000000e6300000,0x00000000e6300000,0x00000000e7a80000)
 ParOldGen       total 96256K, used 37508K [0x00000000a0000000, 0x00000000a5e00000, 0x00000000e0000000)
  object space 96256K, 38% used [0x00000000a0000000,0x00000000a24a1048,0x00000000a5e00000)
 Metaspace       used 57014K, capacity 58840K, committed 58968K, reserved 1099776K
  class space    used 7732K, capacity 8197K, committed 8320K, reserved 1048576K
}
Event: 16.336 GC heap before
{Heap before GC invocations=17 (full 3):
 PSYoungGen      total 115200K, used 13793K [0x00000000e0000000, 0x00000000eb600000, 0x0000000100000000)
  eden space 101376K, 0% used [0x00000000e0000000,0x00000000e0000000,0x00000000e6300000)
  from space 13824K, 99% used [0x00000000e7a80000,0x00000000e87f86e0,0x00000000e8800000)
  to   space 24064K, 0% used [0x00000000e6300000,0x00000000e6300000,0x00000000e7a80000)
 ParOldGen       total 96256K, used 37508K [0x00000000a0000000, 0x00000000a5e00000, 0x00000000e0000000)
  object space 96256K, 38% used [0x00000000a0000000,0x00000000a24a1048,0x00000000a5e00000)
 Metaspace       used 57014K, capacity 58840K, committed 58968K, reserved 1099776K
  class space    used 7732K, capacity 8197K, committed 8320K, reserved 1048576K
Event: 16.676 GC heap after
Heap after GC invocations=17 (full 3):
 PSYoungGen      total 115200K, used 0K [0x00000000e0000000, 0x00000000eb600000, 0x0000000100000000)
  eden space 101376K, 0% used [0x00000000e0000000,0x00000000e0000000,0x00000000e6300000)
  from space 13824K, 0% used [0x00000000e7a80000,0x00000000e7a80000,0x00000000e8800000)
  to   space 24064K, 0% used [0x00000000e6300000,0x00000000e6300000,0x00000000e7a80000)
 ParOldGen       total 96256K, used 40497K [0x00000000a0000000, 0x00000000a5e00000, 0x00000000e0000000)
  object space 96256K, 42% used [0x00000000a0000000,0x00000000a278c428,0x00000000a5e00000)
 Metaspace       used 57014K, capacity 58840K, committed 58968K, reserved 1099776K
  class space    used 7732K, capacity 8197K, committed 8320K, reserved 1048576K
}

Deoptimization events (10 events):
Event: 16.268 Thread 0x000000001d212000 Uncommon trap: reason=unstable_if action=reinterpret pc=0x00000000035f0ac8 method=java.lang.String.regionMatches(ZILjava/lang/String;II)Z @ 123
Event: 16.283 Thread 0x000000001d212000 Uncommon trap: reason=class_check action=maybe_recompile pc=0x0000000002f07144 method=java.io.ObjectOutputStream$BlockDataOutputStream.drain()V @ 36
Event: 16.287 Thread 0x000000001d212000 Uncommon trap: reason=class_check action=maybe_recompile pc=0x00000000042714f4 method=java.io.ObjectOutputStream$BlockDataOutputStream.drain()V @ 36
Event: 16.287 Thread 0x000000001d212000 Uncommon trap: reason=class_check action=maybe_recompile pc=0x00000000042714f4 method=java.io.ObjectOutputStream$BlockDataOutputStream.drain()V @ 36
Event: 16.287 Thread 0x000000001d212000 Uncommon trap: reason=class_check action=maybe_recompile pc=0x000000000421535c method=java.io.ObjectOutputStream$BlockDataOutputStream.drain()V @ 36
Event: 16.288 Thread 0x000000001d212000 Uncommon trap: reason=class_check action=maybe_recompile pc=0x00000000042714f4 method=java.io.ObjectOutputStream$BlockDataOutputStream.drain()V @ 36
Event: 16.288 Thread 0x000000001d212000 Uncommon trap: reason=class_check action=maybe_recompile pc=0x0000000002f07144 method=java.io.ObjectOutputStream$BlockDataOutputStream.drain()V @ 36
Event: 16.289 Thread 0x000000001d212000 Uncommon trap: reason=unstable_if action=reinterpret pc=0x00000000042bac00 method=java.io.ObjectStreamClass.hasWriteObjectMethod()Z @ 8
Event: 16.290 Thread 0x000000001d212000 Uncommon trap: reason=class_check action=maybe_recompile pc=0x00000000042ba9bc method=java.io.ObjectOutputStream$BlockDataOutputStream.drain()V @ 36
Event: 16.777 Thread 0x000000001d212000 Uncommon trap: reason=unstable_if action=reinterpret pc=0x00000000042a14f4 method=com.google.common.collect.MapMakerInternalMap$Segment.getEntry(Ljava/lang/Object;I)Lcom/google/common/collect/MapMakerInternalMap$ReferenceEntry; @ 40

Classes redefined (0 events):
No events

Internal exceptions (10 events):
Event: 16.047 Thread 0x000000001d212000 Exception <a 'sun/nio/fs/WindowsException'> (0x00000000e2feabf0) thrown at [D:\src\AOSP-openjdk-cygwin\jdk8u\hotspot\src\share\vm\prims\jni.cpp, line 709]
Event: 16.047 Thread 0x000000001d212000 Exception <a 'sun/nio/fs/WindowsException'> (0x00000000e2feb2b0) thrown at [D:\src\AOSP-openjdk-cygwin\jdk8u\hotspot\src\share\vm\prims\jni.cpp, line 709]
Event: 16.048 Thread 0x000000001d212000 Exception <a 'sun/nio/fs/WindowsException'> (0x00000000e2fec220) thrown at [D:\src\AOSP-openjdk-cygwin\jdk8u\hotspot\src\share\vm\prims\jni.cpp, line 709]
Event: 16.048 Thread 0x000000001d212000 Exception <a 'sun/nio/fs/WindowsException'> (0x00000000e2fec8d0) thrown at [D:\src\AOSP-openjdk-cygwin\jdk8u\hotspot\src\share\vm\prims\jni.cpp, line 709]
Event: 16.285 Thread 0x000000001d212000 Exception <a 'java/lang/NoSuchMethodError': <clinit>> (0x00000000e30fad80) thrown at [D:\src\AOSP-openjdk-cygwin\jdk8u\hotspot\src\share\vm\prims\jni.cpp, line 1613]
Event: 16.287 Thread 0x000000001d212000 Exception <a 'java/lang/NoSuchMethodError': <clinit>> (0x00000000e3104ac0) thrown at [D:\src\AOSP-openjdk-cygwin\jdk8u\hotspot\src\share\vm\prims\jni.cpp, line 1613]
Event: 16.289 Thread 0x000000001d212000 Exception <a 'java/lang/NoSuchMethodError': <clinit>> (0x00000000e311ad68) thrown at [D:\src\AOSP-openjdk-cygwin\jdk8u\hotspot\src\share\vm\prims\jni.cpp, line 1613]
Event: 16.290 Thread 0x000000001d212000 Exception <a 'java/lang/NoSuchMethodError': <clinit>> (0x00000000e3125910) thrown at [D:\src\AOSP-openjdk-cygwin\jdk8u\hotspot\src\share\vm\prims\jni.cpp, line 1613]
Event: 16.295 Thread 0x000000001d212000 Exception <a 'sun/nio/fs/WindowsException'> (0x00000000e312fa78) thrown at [D:\src\AOSP-openjdk-cygwin\jdk8u\hotspot\src\share\vm\prims\jni.cpp, line 709]
Event: 16.777 Thread 0x000000001d212000 Implicit null exception at 0x00000000042a10a9 to 0x00000000042a14d9

Events (10 events):
Event: 16.833 loading class org/gradle/caching/BuildCacheKey
Event: 16.833 loading class org/gradle/caching/BuildCacheKey done
Event: 16.834 loading class org/gradle/caching/internal/tasks/BuildCacheKeyInputs
Event: 16.834 loading class org/gradle/caching/internal/tasks/BuildCacheKeyInputs done
Event: 16.834 loading class org/gradle/api/internal/changedetection/changes/NoHistoryArtifactState$1
Event: 16.834 loading class org/gradle/api/internal/changedetection/changes/NoHistoryArtifactState$1 done
Event: 16.840 loading class com/google/gson/JsonParser
Event: 16.840 loading class com/google/gson/JsonParser done
Event: 16.913 loading class com/google/gson/internal/bind/TypeAdapters$36
Event: 16.913 loading class com/google/gson/internal/bind/TypeAdapters$36 done


Dynamic libraries:
0x00007ff7cf7f0000 - 0x00007ff7cf821000 	C:\Program Files\Android\Android Studio1\jre\bin\java.exe
0x00007ffef0bc0000 - 0x00007ffef0da1000 	C:\WINDOWS\SYSTEM32\ntdll.dll
0x00007ffeee050000 - 0x00007ffeee102000 	C:\WINDOWS\System32\KERNEL32.DLL
0x00007ffeedbd0000 - 0x00007ffeede43000 	C:\WINDOWS\System32\KERNELBASE.dll
0x00007ffef05f0000 - 0x00007ffef0691000 	C:\WINDOWS\System32\ADVAPI32.dll
0x00007ffeee850000 - 0x00007ffeee8ee000 	C:\WINDOWS\System32\msvcrt.dll
0x00007ffef0ad0000 - 0x00007ffef0b2b000 	C:\WINDOWS\System32\sechost.dll
0x00007ffef0880000 - 0x00007ffef09a4000 	C:\WINDOWS\System32\RPCRT4.dll
0x00007ffeee490000 - 0x00007ffeee620000 	C:\WINDOWS\System32\USER32.dll
0x00007ffeeda40000 - 0x00007ffeeda60000 	C:\WINDOWS\System32\win32u.dll
0x00007ffeee900000 - 0x00007ffeee928000 	C:\WINDOWS\System32\GDI32.dll
0x00007ffeede50000 - 0x00007ffeedfe2000 	C:\WINDOWS\System32\gdi32full.dll
0x00007ffeedb30000 - 0x00007ffeedbcf000 	C:\WINDOWS\System32\msvcp_win.dll
0x00007ffeed750000 - 0x00007ffeed84a000 	C:\WINDOWS\System32\ucrtbase.dll
0x00007ffedea50000 - 0x00007ffedecb9000 	C:\WINDOWS\WinSxS\amd64_microsoft.windows.common-controls_6595b64144ccf1df_6.0.17134.590_none_fb3d9bff3069e088\COMCTL32.dll
0x00007ffeeee20000 - 0x00007ffeef142000 	C:\WINDOWS\System32\combase.dll
0x00007ffeeda60000 - 0x00007ffeedada000 	C:\WINDOWS\System32\bcryptPrimitives.dll
0x00007ffef0aa0000 - 0x00007ffef0acd000 	C:\WINDOWS\System32\IMM32.DLL
0x00000000556f0000 - 0x00000000557c2000 	C:\Program Files\Android\Android Studio1\jre\jre\bin\msvcr100.dll
0x0000000051160000 - 0x00000000519a1000 	C:\Program Files\Android\Android Studio1\jre\jre\bin\server\jvm.dll
0x00007ffeee750000 - 0x00007ffeee758000 	C:\WINDOWS\System32\PSAPI.DLL
0x00007ffeebc20000 - 0x00007ffeebc29000 	C:\WINDOWS\SYSTEM32\WSOCK32.dll
0x00007ffeead90000 - 0x00007ffeeadb3000 	C:\WINDOWS\SYSTEM32\WINMM.dll
0x00007ffeee6e0000 - 0x00007ffeee74c000 	C:\WINDOWS\System32\WS2_32.dll
0x00007ffeead30000 - 0x00007ffeead5a000 	C:\WINDOWS\SYSTEM32\winmmbase.dll
0x00007ffeddcf0000 - 0x00007ffeddcfa000 	C:\WINDOWS\SYSTEM32\VERSION.dll
0x00007ffeedae0000 - 0x00007ffeedb29000 	C:\WINDOWS\System32\cfgmgr32.dll
0x00007ffeeaf00000 - 0x00007ffeeaf0f000 	C:\Program Files\Android\Android Studio1\jre\jre\bin\verify.dll
0x00007ffecd460000 - 0x00007ffecd489000 	C:\Program Files\Android\Android Studio1\jre\jre\bin\java.dll
0x00007ffee1150000 - 0x00007ffee1166000 	C:\Program Files\Android\Android Studio1\jre\jre\bin\zip.dll
0x00007ffeef1b0000 - 0x00007ffef05f0000 	C:\WINDOWS\System32\SHELL32.dll
0x00007ffeee630000 - 0x00007ffeee6d9000 	C:\WINDOWS\System32\shcore.dll
0x00007ffeecf90000 - 0x00007ffeed69d000 	C:\WINDOWS\System32\windows.storage.dll
0x00007ffeef150000 - 0x00007ffeef1a1000 	C:\WINDOWS\System32\shlwapi.dll
0x00007ffeecf50000 - 0x00007ffeecf61000 	C:\WINDOWS\System32\kernel.appcore.dll
0x00007ffeecee0000 - 0x00007ffeeceff000 	C:\WINDOWS\System32\profapi.dll
0x00007ffeecf00000 - 0x00007ffeecf4c000 	C:\WINDOWS\System32\powrprof.dll
0x00007ffeeced0000 - 0x00007ffeeceda000 	C:\WINDOWS\System32\FLTLIB.DLL
0x00007ffeccd50000 - 0x00007ffeccd6a000 	C:\Program Files\Android\Android Studio1\jre\jre\bin\net.dll
0x00007ffeec6f0000 - 0x00007ffeec756000 	C:\WINDOWS\system32\mswsock.dll
0x00007ffeccd30000 - 0x00007ffeccd41000 	C:\Program Files\Android\Android Studio1\jre\jre\bin\nio.dll
0x00007ffee1ca0000 - 0x00007ffee1cbe000 	C:\Users\Lamchard\.gradle\native\25\windows-amd64\native-platform.dll
0x00007ffee1ce0000 - 0x00007ffee1ced000 	C:\Program Files\Android\Android Studio1\jre\jre\bin\management.dll
0x00007ffeec8a0000 - 0x00007ffeec8b7000 	C:\WINDOWS\SYSTEM32\CRYPTSP.dll
0x00007ffeec2d0000 - 0x00007ffeec303000 	C:\WINDOWS\system32\rsaenh.dll
0x00007ffeeca30000 - 0x00007ffeeca55000 	C:\WINDOWS\SYSTEM32\bcrypt.dll
0x00007ffeece00000 - 0x00007ffeece28000 	C:\WINDOWS\SYSTEM32\USERENV.dll
0x00007ffeec920000 - 0x00007ffeec92b000 	C:\WINDOWS\SYSTEM32\CRYPTBASE.dll
0x00007ffeec470000 - 0x00007ffeec4a8000 	C:\WINDOWS\SYSTEM32\IPHLPAPI.DLL
0x00007ffeee8f0000 - 0x00007ffeee8f8000 	C:\WINDOWS\System32\NSI.dll
0x00007ffee53b0000 - 0x00007ffee53c6000 	C:\WINDOWS\SYSTEM32\dhcpcsvc6.DLL
0x00007ffee54b0000 - 0x00007ffee54ca000 	C:\WINDOWS\SYSTEM32\dhcpcsvc.DLL

VM Arguments:
jvm_args: -Xmx1536m -Dfile.encoding=windows-1252 -Duser.country=FR -Duser.language=fr -Duser.variant 
java_command: org.gradle.launcher.daemon.bootstrap.GradleDaemon 4.6
java_class_path (initial): C:\Users\Lamchard\.gradle\wrapper\dists\gradle-4.6-all\bcst21l2brirad8k2ben1letg\gradle-4.6\lib\gradle-launcher-4.6.jar
Launcher Type: SUN_STANDARD

Environment Variables:
PATH=C:\Program Files (x86)\Common Files\Oracle\Java\javapath;C:\ProgramData\Oracle\Java\javapath;C:\Program Files (x86)\Intel\iCLS Client\;C:\Program Files\Intel\iCLS Client\;C:\WINDOWS\system32;C:\WINDOWS;C:\WINDOWS\System32\Wbem;C:\WINDOWS\System32\WindowsPowerShell\v1.0\;C:\Program Files (x86)\Intel\Intel(R) Management Engine Components\DAL;C:\Program Files\Intel\Intel(R) Management Engine Components\DAL;C:\Program Files (x86)\Intel\Intel(R) Management Engine Components\IPT;C:\Program Files\Intel\Intel(R) Management Engine Components\IPT;C:\Program Files (x86)\Common Files\lenovo\easyplussdk\bin;C:\Program Files\dotnet\;C:\Program Files\Microsoft SQL Server\130\Tools\Binn\;C:\Program Files\MySQL\MySQL Server 5.6\bin;C:\Program Files (x86)\MySQL\MySQL Fabric 1.5.4 & MySQL Utilities 1.5.4 1.5\;C:\Program Files (x86)\MySQL\MySQL Fabric 1.5.4 & MySQL Utilities 1.5.4 1.5\Doctrine extensions for PHP\;C:\Program Files\nodejs\;C:\Program Files (x86)\Microsoft VS Code\bin;C:\WINDOWS\System32\OpenSSH\;C:\wamp64\bin\php\php7.2.4;C:\composer;C:\Program Files\Java\jdk1.8.0_121\bin;C:\Program Files\Intel\WiFi\bin\;C:\Program Files\Common Files\Intel\WirelessCommon\;C:\PostgreSQL\pg10\bin;C:\Program Files\Git\cmd;C:\Program Files\Microsoft SQL Server\Client SDK\ODBC\130\Tools\Binn\;C:\Program Files (x86)\Microsoft SQL Server\140\Tools\Binn\;C:\Program Files\Microsoft SQL Server\140\Tools\Binn\;C:\Program Files\Microsoft SQL Server\140\DTS\Binn\;C:\Program Files (x86)\Microsoft SQL Server\Client SDK\ODBC\130\Tools\Binn\;C:\Program Files (x86)\Microsoft SQL Server\140\DTS\Binn\;C:\Program Files (x86)\Microsoft SQL Server\140\Tools\Binn\ManagementStudio\;C:\Users\Lamchard\AppData\Local\Microsoft\WindowsApps;C:\Users\Lamchard\AppData\Roaming\npm;C:\Program Files (x86)\Microsoft VS Code\bin;;C:\Users\Lamchard\AppData\Local\Programs\Microsoft VS Code\bin;C:\Users\Lamchard\AppData\Roaming\Composer\vendor\bin
USERNAME=Lamchard
OS=Windows_NT
PROCESSOR_IDENTIFIER=Intel64 Family 6 Model 78 Stepping 3, GenuineIntel



---------------  S Y S T E M  ---------------

OS: Windows 10.0 , 64 bit Build 17134 (10.0.17134.556)

CPU:total 4 (initial active 4) (2 cores per cpu, 2 threads per core) family 6 model 78 stepping 3, cmov, cx8, fxsr, mmx, sse, sse2, sse3, ssse3, sse4.1, sse4.2, popcnt, avx, avx2, aes, clmul, erms, 3dnowpref, lzcnt, ht, tsc, tscinvbit, bmi1, bmi2, adx

Memory: 4k page, physical 8223584k(1686448k free), swap 33389408k(5568k free)

vm_info: OpenJDK 64-Bit Server VM (25.152-b06) for windows-amd64 JRE (1.8.0_152-release-1136-b06), built by "builder" with MS VC++ 10.0 (VS2010)

time: Mon Mar 04 09:28:48 2019
elapsed time: 16 seconds (0d 0h 0m 16s)

